Arguments: 
  C:\Program Files\nodejs\node.exe C:\Program Files (x86)\Yarn\bin\yarn.js prop-types react react-dom

PATH: 
  C:\ProgramData\Oracle\Java\javapath;C:\WINDOWS\system32;C:\WINDOWS;C:\WINDOWS\System32\Wbem;C:\WINDOWS\System32\WindowsPowerShell\v1.0\;C:\Program Files\Git\cmd;C:\Program Files\nodejs\;C:\Program Files (x86)\Yarn\bin\;C:\WINDOWS\System32\OpenSSH\;C:\Users\dxdan\AppData\Local\Programs\Python\Python36-32\Scripts\;C:\Users\dxdan\AppData\Local\Programs\Python\Python36-32\;C:\Users\dxdan\AppData\Local\Microsoft\WindowsApps;C:\Users\dxdan\AppData\Roaming\npm;C:\Users\dxdan\AppData\Local\Yarn\bin;C:\Users\dxdan\AppData\Local\atom\bin;C:\Program Files\Heroku\bin;C:\Users\dxdan\AppData\Local\Microsoft\WindowsApps;

Yarn version: 
  1.5.1

Node version: 
  9.6.0

Platform: 
  win32 x64

npm manifest: 
  {
    "dependencies": {
    },
    "devDependencies": {
      "react-scripts": "latest"
    },
    "scripts": {
      "start": "react-scripts start",
      "build": "react-scripts build",
      "test": "react-scripts test --env=jsdom",
      "eject": "react-scripts eject"
    }
  }

yarn manifest: 
  No manifest

Lockfile: 
  No lockfile

Trace: 
  Error: Command "prop-types" not found.
      at new MessageError (C:\Program Files (x86)\Yarn\lib\cli.js:186:110)
      at C:\Program Files (x86)\Yarn\lib\cli.js:87307:17
      at Generator.next (<anonymous>)
      at step (C:\Program Files (x86)\Yarn\lib\cli.js:98:30)
      at C:\Program Files (x86)\Yarn\lib\cli.js:116:14
      at new Promise (<anonymous>)
      at new F (C:\Program Files (x86)\Yarn\lib\cli.js:23451:28)
      at C:\Program Files (x86)\Yarn\lib\cli.js:95:12
      at runCommand (C:\Program Files (x86)\Yarn\lib\cli.js:87312:22)
      at Object.<anonymous> (C:\Program Files (x86)\Yarn\lib\cli.js:87412:14)
